<?xml version="1.0" encoding="UTF-8"?>
<!-- Generated by org.testng.reporters.JUnitReportReporter -->
<testsuite hostname="DESKTOP-NNGQNDK" failures="0" tests="4" name="com.sgtesting.calculator.testcases.AdditionTestcases" time="0.013" errors="0" timestamp="2022-06-25T17:08:44 IST" skipped="0">
  <testcase classname="com.sgtesting.calculator.testcases.AdditionTestcases" name="addPositiveAndZeroNumbers" time="0.001"/>
  <system-out/>
  <testcase classname="com.sgtesting.calculator.testcases.AdditionTestcases" name="addPositiveAndNegativeNumbers" time="0.010"/>
  <system-out/>
  <testcase classname="com.sgtesting.calculator.testcases.AdditionTestcases" name="addTwoPositiveNumbers" time="0.001"/>
  <system-out/>
  <testcase classname="com.sgtesting.calculator.testcases.AdditionTestcases" name="addTwoNegativeNumbers" time="0.001"/>
  <system-out/>
</testsuite> <!-- com.sgtesting.calculator.testcases.AdditionTestcases -->
