<?xml version="1.0" encoding="UTF-8"?>
<!-- Generated by org.testng.reporters.JUnitReportReporter -->
<testsuite hostname="DESKTOP-NNGQNDK" failures="0" tests="4" name="com.sgtesting.calculator.testcases.MultiplicationTestcases" time="0.009" errors="0" timestamp="2022-06-25T17:08:44 IST" skipped="0">
  <testcase classname="com.sgtesting.calculator.testcases.MultiplicationTestcases" name="multiplyTwoPositiveNumbers" time="0.003"/>
  <system-out/>
  <testcase classname="com.sgtesting.calculator.testcases.MultiplicationTestcases" name="multiplyPositiveAndZeroNumbers" time="0.001"/>
  <system-out/>
  <testcase classname="com.sgtesting.calculator.testcases.MultiplicationTestcases" name="multiplyTwoNegativeNumbers" time="0.002"/>
  <system-out/>
  <testcase classname="com.sgtesting.calculator.testcases.MultiplicationTestcases" name="multiplyPositiveAndNegativeNumbers" time="0.003"/>
  <system-out/>
</testsuite> <!-- com.sgtesting.calculator.testcases.MultiplicationTestcases -->
