<?xml version="1.0" encoding="UTF-8"?>
<!-- Generated by org.testng.reporters.JUnitReportReporter -->
<testsuite hostname="DESKTOP-NNGQNDK" failures="0" tests="6" name="com.sgtesting.dataproviderdemo.LoginLogout" time="16.454" errors="0" timestamp="2022-06-09T19:22:28 IST" skipped="0">
  <testcase classname="com.sgtesting.dataproviderdemo.LoginLogout" name="launchBrowser" time="2.034"/>
  <system-out/>
  <testcase classname="com.sgtesting.dataproviderdemo.LoginLogout" name="navigate" time="5.545"/>
  <system-out/>
  <testcase classname="com.sgtesting.dataproviderdemo.LoginLogout" name="login" time="4.192"/>
  <system-out/>
  <testcase classname="com.sgtesting.dataproviderdemo.LoginLogout" name="minimizeFlyOutWindow" time="2.130"/>
  <system-out/>
  <testcase classname="com.sgtesting.dataproviderdemo.LoginLogout" name="logout" time="2.273"/>
  <system-out/>
  <testcase classname="com.sgtesting.dataproviderdemo.LoginLogout" name="closeApplication" time="0.280"/>
  <system-out/>
</testsuite> <!-- com.sgtesting.dataproviderdemo.LoginLogout -->
