<?xml version="1.0" encoding="UTF-8"?>
<!-- Generated by org.testng.reporters.JUnitReportReporter -->
<testsuite hostname="DESKTOP-NNGQNDK" failures="0" tests="4" name="com.sgtesting.dataproviderdemo.LoginLogoutChromeBrowserDemo" time="16.434" errors="0" timestamp="2022-06-09T19:43:47 IST" skipped="0">
  <testcase classname="com.sgtesting.dataproviderdemo.LoginLogoutChromeBrowserDemo" name="launchBrowser" time="1.649"/>
  <system-out/>
  <testcase classname="com.sgtesting.dataproviderdemo.LoginLogoutChromeBrowserDemo" name="navigate" time="5.952"/>
  <system-out/>
  <testcase classname="com.sgtesting.dataproviderdemo.LoginLogoutChromeBrowserDemo" name="login" time="8.574"/>
  <system-out/>
  <testcase classname="com.sgtesting.dataproviderdemo.LoginLogoutChromeBrowserDemo" name="closeApplication" time="0.259"/>
  <system-out/>
</testsuite> <!-- com.sgtesting.dataproviderdemo.LoginLogoutChromeBrowserDemo -->
